2026.02.11 12:00:09 INFO  tracing is disabled for protocol LSP, to enable tracing of incoming and outgoing JSON messages create an empty file at c:\Users\genny\Desktop\computer_architecture_proj\.metals\lsp.trace.json or C:\Users\genny\AppData\Local\scalameta\metals\cache\lsp.trace.json
2026.02.11 12:00:17 INFO  logging to files C:\Users\genny\Desktop\computer_architecture_proj\.metals\metals.log
2026.02.11 12:00:17 INFO  Started: Metals version 1.6.5 in folders 'C:\Users\genny\Desktop\computer_architecture_proj' for client Visual Studio Code 1.109.0.
2026.02.11 12:00:17 INFO  Memory monitor started
2026.02.11 12:00:21 WARN  Using H2 2.4.240 which is newer than the version Flyway has been verified with. The latest verified version of H2 is 2.3.232.
2026.02.11 12:00:22 INFO  no build target found for C:\Users\genny\Desktop\computer_architecture_proj\src\Assembler.java. Using fallback presentation compiler.
2026.02.11 12:00:25 INFO  no build target found for C:\Users\genny\Desktop\computer_architecture_proj\src\Assembler.java. Using fallback presentation compiler.
2026.02.11 12:00:26 WARN  no build tool detected in workspace 'C:\Users\genny\Desktop\computer_architecture_proj'. The most common cause for this problem is that the editor was opened in the wrong working directory, for example if you use sbt then the workspace directory should contain build.sbt. 
2026.02.11 12:00:25 WARN  Build server is not auto-connectable.
2026.02.11 12:00:26 WARN  no build target for: C:\Users\genny\Desktop\computer_architecture_proj\src\Assembler.java
2026.02.11 12:00:26 INFO  no build target found for C:\Users\genny\Desktop\computer_architecture_proj\src\Assembler.java. Using fallback presentation compiler.
2026.02.11 12:00:37 INFO  time: code lens generation in 11s
2026.02.11 12:00:53 INFO  no build target found for C:\Users\genny\Desktop\computer_architecture_proj\src\Assembler.java. Using fallback presentation compiler.
Feb 11, 2026 12:00:54 PM org.eclipse.lsp4j.jsonrpc.RemoteEndpoint handleCancellation
WARNING: Unmatched cancel notification for request id 9
2026.02.11 12:00:53 INFO  no build target found for C:\Users\genny\Desktop\computer_architecture_proj\src\Assembler.java. Using fallback presentation compiler.
2026.02.11 12:00:55 INFO  no build target found for C:\Users\genny\Desktop\computer_architecture_proj\src\Assembler.java. Using fallback presentation compiler.
Feb 11, 2026 12:00:55 PM org.eclipse.lsp4j.jsonrpc.RemoteEndpoint handleCancellation
WARNING: Unmatched cancel notification for request id 11
2026.02.11 12:00:55 INFO  no build target found for C:\Users\genny\Desktop\computer_architecture_proj\src\Assembler.java. Using fallback presentation compiler.
2026.02.11 12:00:56 INFO  no build target found for C:\Users\genny\Desktop\computer_architecture_proj\src\Assembler.java. Using fallback presentation compiler.
2026.02.11 12:01:02 INFO  no build target found for C:\Users\genny\Desktop\computer_architecture_proj\src\Assembler.java. Using fallback presentation compiler.
2026.02.11 12:01:06 INFO  no build target found for C:\Users\genny\Desktop\computer_architecture_proj\src\Assembler.java. Using fallback presentation compiler.
2026.02.11 12:01:09 INFO  no build target found for C:\Users\genny\Desktop\computer_architecture_proj\src\Assembler.java. Using fallback presentation compiler.
2026.02.11 12:08:02 INFO  no build target found for C:\Users\genny\Desktop\computer_architecture_proj\src\Assembler.java. Using fallback presentation compiler.
2026.02.11 12:09:19 INFO  no build target found for C:\Users\genny\Desktop\computer_architecture_proj\src\Assembler.java. Using fallback presentation compiler.
2026.02.11 12:10:14 WARN  no build target for: C:\Users\genny\Desktop\computer_architecture_proj\src\Assembler.java
2026.02.11 12:10:14 INFO  no build target found for C:\Users\genny\Desktop\computer_architecture_proj\src\Assembler.java. Using fallback presentation compiler.
2026.02.11 12:10:14 INFO  no build target found for C:\Users\genny\Desktop\computer_architecture_proj\src\Assembler.java. Using fallback presentation compiler.
Feb 11, 2026 12:10:14 PM org.eclipse.lsp4j.jsonrpc.RemoteEndpoint handleCancellation
WARNING: Unmatched cancel notification for request id 25
2026.02.11 12:10:14 INFO  no build target found for C:\Users\genny\Desktop\computer_architecture_proj\src\Assembler.java. Using fallback presentation compiler.
2026.02.11 12:10:15 INFO  no build target found for C:\Users\genny\Desktop\computer_architecture_proj\src\Assembler.java. Using fallback presentation compiler.
2026.02.11 12:10:17 INFO  no build target found for C:\Users\genny\Desktop\computer_architecture_proj\src\Assembler.java. Using fallback presentation compiler.
2026.02.13 21:41:57 INFO  no build target found for C:\Users\genny\Desktop\computer_architecture_proj\src\Assembler.java. Using fallback presentation compiler.
2026.02.13 21:41:57 INFO  no build target found for C:\Users\genny\Desktop\computer_architecture_proj\src\Assembler.java. Using fallback presentation compiler.
Feb 13, 2026 9:42:19 PM org.eclipse.lsp4j.jsonrpc.RemoteEndpoint handleNotification
WARNING: Notification threw an exception: {
  "jsonrpc": "2.0",
  "method": "metals/didFocusTextDocument",
  "params": [
    "class:/c%3A/Users/genny/Desktop/computer_architecture_proj/src/Assembler.class"
  ]
}
java.nio.file.FileSystemNotFoundException: Provider "class" not installed
	at java.base/java.nio.file.Path.of(Path.java:212)
	at java.base/java.nio.file.Paths.get(Paths.java:98)
	at scala.meta.internal.mtags.MtagsEnrichments$XtensionURIMtags.toAbsolutePath(MtagsEnrichments.scala:149)
	at scala.meta.internal.mtags.MtagsEnrichments$XtensionStringMtags.toAbsolutePath(MtagsEnrichments.scala:209)
	at scala.meta.internal.metals.MetalsEnrichments$XtensionString.toAbsolutePath(MetalsEnrichments.scala:778)
	at scala.meta.internal.metals.MetalsEnrichments$XtensionString.toAbsolutePath(MetalsEnrichments.scala:775)
	at scala.meta.internal.metals.WorkspaceLspService.didFocus(WorkspaceLspService.scala:808)
	at scala.meta.metals.lsp.DelegatingScalaService.didFocus(DelegatingScalaService.scala:42)
	at java.base/jdk.internal.reflect.NativeMethodAccessorImpl.invoke0(Native Method)
	at java.base/jdk.internal.reflect.NativeMethodAccessorImpl.invoke(NativeMethodAccessorImpl.java:77)
	at java.base/jdk.internal.reflect.DelegatingMethodAccessorImpl.invoke(DelegatingMethodAccessorImpl.java:43)
	at java.base/java.lang.reflect.Method.invoke(Method.java:569)
	at org.eclipse.lsp4j.jsonrpc.services.GenericEndpoint.lambda$recursiveFindRpcMethods$0(GenericEndpoint.java:65)
	at org.eclipse.lsp4j.jsonrpc.services.GenericEndpoint.notify(GenericEndpoint.java:160)
	at org.eclipse.lsp4j.jsonrpc.RemoteEndpoint.handleNotification(RemoteEndpoint.java:231)
	at org.eclipse.lsp4j.jsonrpc.RemoteEndpoint.consume(RemoteEndpoint.java:198)
	at org.eclipse.lsp4j.jsonrpc.json.StreamMessageProducer.handleMessage(StreamMessageProducer.java:185)
	at org.eclipse.lsp4j.jsonrpc.json.StreamMessageProducer.listen(StreamMessageProducer.java:97)
	at org.eclipse.lsp4j.jsonrpc.json.ConcurrentMessageProcessor.run(ConcurrentMessageProcessor.java:114)
	at java.base/java.util.concurrent.Executors$RunnableAdapter.call(Executors.java:539)
	at java.base/java.util.concurrent.FutureTask.run(FutureTask.java:264)
	at java.base/java.util.concurrent.ThreadPoolExecutor.runWorker(ThreadPoolExecutor.java:1136)
	at java.base/java.util.concurrent.ThreadPoolExecutor$Worker.run(ThreadPoolExecutor.java:635)
	at java.base/java.lang.Thread.run(Thread.java:840)

2026.02.13 21:42:27 WARN  no build target for: C:\Users\genny\Desktop\computer_architecture_proj\src\Assembler.java
2026.02.13 21:42:27 INFO  no build target found for C:\Users\genny\Desktop\computer_architecture_proj\src\Assembler.java. Using fallback presentation compiler.
2026.02.13 21:42:27 INFO  no build target found for C:\Users\genny\Desktop\computer_architecture_proj\src\Assembler.java. Using fallback presentation compiler.
Feb 13, 2026 9:42:27 PM org.eclipse.lsp4j.jsonrpc.RemoteEndpoint handleCancellation
WARNING: Unmatched cancel notification for request id 36
2026.02.13 21:42:27 INFO  no build target found for C:\Users\genny\Desktop\computer_architecture_proj\src\Assembler.java. Using fallback presentation compiler.
2026.02.13 21:42:27 INFO  no build target found for C:\Users\genny\Desktop\computer_architecture_proj\src\Assembler.java. Using fallback presentation compiler.
Feb 13, 2026 9:49:53 PM org.eclipse.lsp4j.jsonrpc.RemoteEndpoint handleNotification
WARNING: Notification threw an exception: {
  "jsonrpc": "2.0",
  "method": "metals/didFocusTextDocument",
  "params": [
    "class:/c%3A/Users/genny/Desktop/computer_architecture_proj/src/Assembler.class"
  ]
}
java.nio.file.FileSystemNotFoundException: Provider "class" not installed
	at java.base/java.nio.file.Path.of(Path.java:212)
	at java.base/java.nio.file.Paths.get(Paths.java:98)
	at scala.meta.internal.mtags.MtagsEnrichments$XtensionURIMtags.toAbsolutePath(MtagsEnrichments.scala:149)
	at scala.meta.internal.mtags.MtagsEnrichments$XtensionStringMtags.toAbsolutePath(MtagsEnrichments.scala:209)
	at scala.meta.internal.metals.MetalsEnrichments$XtensionString.toAbsolutePath(MetalsEnrichments.scala:778)
	at scala.meta.internal.metals.MetalsEnrichments$XtensionString.toAbsolutePath(MetalsEnrichments.scala:775)
	at scala.meta.internal.metals.WorkspaceLspService.didFocus(WorkspaceLspService.scala:808)
	at scala.meta.metals.lsp.DelegatingScalaService.didFocus(DelegatingScalaService.scala:42)
	at java.base/jdk.internal.reflect.NativeMethodAccessorImpl.invoke0(Native Method)
	at java.base/jdk.internal.reflect.NativeMethodAccessorImpl.invoke(NativeMethodAccessorImpl.java:77)
	at java.base/jdk.internal.reflect.DelegatingMethodAccessorImpl.invoke(DelegatingMethodAccessorImpl.java:43)
	at java.base/java.lang.reflect.Method.invoke(Method.java:569)
	at org.eclipse.lsp4j.jsonrpc.services.GenericEndpoint.lambda$recursiveFindRpcMethods$0(GenericEndpoint.java:65)
	at org.eclipse.lsp4j.jsonrpc.services.GenericEndpoint.notify(GenericEndpoint.java:160)
	at org.eclipse.lsp4j.jsonrpc.RemoteEndpoint.handleNotification(RemoteEndpoint.java:231)
	at org.eclipse.lsp4j.jsonrpc.RemoteEndpoint.consume(RemoteEndpoint.java:198)
	at org.eclipse.lsp4j.jsonrpc.json.StreamMessageProducer.handleMessage(StreamMessageProducer.java:185)
	at org.eclipse.lsp4j.jsonrpc.json.StreamMessageProducer.listen(StreamMessageProducer.java:97)
	at org.eclipse.lsp4j.jsonrpc.json.ConcurrentMessageProcessor.run(ConcurrentMessageProcessor.java:114)
	at java.base/java.util.concurrent.Executors$RunnableAdapter.call(Executors.java:539)
	at java.base/java.util.concurrent.FutureTask.run(FutureTask.java:264)
	at java.base/java.util.concurrent.ThreadPoolExecutor.runWorker(ThreadPoolExecutor.java:1136)
	at java.base/java.util.concurrent.ThreadPoolExecutor$Worker.run(ThreadPoolExecutor.java:635)
	at java.base/java.lang.Thread.run(Thread.java:840)

2026.02.13 21:50:45 WARN  no build target for: C:\Users\genny\Desktop\computer_architecture_proj\src\Assembler.java
2026.02.13 21:50:45 INFO  no build target found for C:\Users\genny\Desktop\computer_architecture_proj\src\Assembler.java. Using fallback presentation compiler.
2026.02.13 21:50:45 INFO  no build target found for C:\Users\genny\Desktop\computer_architecture_proj\src\Assembler.java. Using fallback presentation compiler.
2026.02.13 21:50:45 INFO  no build target found for C:\Users\genny\Desktop\computer_architecture_proj\src\Assembler.java. Using fallback presentation compiler.
2026.02.13 21:51:01 INFO  no build target found for C:\Users\genny\Desktop\computer_architecture_proj\src\Assembler.java. Using fallback presentation compiler.
2026.02.13 21:51:03 INFO  no build target found for C:\Users\genny\Desktop\computer_architecture_proj\src\Assembler.java. Using fallback presentation compiler.
2026.02.13 21:51:04 INFO  no build target found for C:\Users\genny\Desktop\computer_architecture_proj\src\Assembler.java. Using fallback presentation compiler.
2026.02.13 21:51:32 INFO  no build target found for C:\Users\genny\Desktop\computer_architecture_proj\src\Assembler.java. Using fallback presentation compiler.
2026.02.13 22:23:50 WARN  no build target for: C:\Users\genny\Desktop\computer_architecture_proj\src\Assembler.java
2026.02.13 22:23:50 INFO  no build target found for C:\Users\genny\Desktop\computer_architecture_proj\src\Assembler.java. Using fallback presentation compiler.
2026.02.13 22:23:50 INFO  no build target found for C:\Users\genny\Desktop\computer_architecture_proj\src\Assembler.java. Using fallback presentation compiler.
2026.02.13 22:23:50 INFO  no build target found for C:\Users\genny\Desktop\computer_architecture_proj\src\Assembler.java. Using fallback presentation compiler.
2026.02.13 22:23:50 INFO  no build target found for C:\Users\genny\Desktop\computer_architecture_proj\src\Assembler.java. Using fallback presentation compiler.
2026.02.13 22:23:50 INFO  no build target found for C:\Users\genny\Desktop\computer_architecture_proj\src\Assembler.java. Using fallback presentation compiler.
2026.02.13 22:29:53 INFO  no build target found for C:\Users\genny\Desktop\computer_architecture_proj\src\Assembler.java. Using fallback presentation compiler.
2026.02.13 22:29:54 INFO  no build target found for C:\Users\genny\Desktop\computer_architecture_proj\src\Assembler.java. Using fallback presentation compiler.
2026.02.13 22:35:25 WARN  no build target for: C:\Users\genny\Desktop\computer_architecture_proj\src\Assembler.java
2026.02.13 22:35:25 INFO  no build target found for C:\Users\genny\Desktop\computer_architecture_proj\src\Assembler.java. Using fallback presentation compiler.
2026.02.13 22:35:25 INFO  no build target found for C:\Users\genny\Desktop\computer_architecture_proj\src\Assembler.java. Using fallback presentation compiler.
2026.02.13 22:35:25 INFO  no build target found for C:\Users\genny\Desktop\computer_architecture_proj\src\Assembler.java. Using fallback presentation compiler.
2026.02.13 22:35:25 INFO  no build target found for C:\Users\genny\Desktop\computer_architecture_proj\src\Assembler.java. Using fallback presentation compiler.
2026.02.13 22:35:26 INFO  no build target found for C:\Users\genny\Desktop\computer_architecture_proj\src\Assembler.java. Using fallback presentation compiler.
2026.02.13 22:35:26 INFO  no build target found for C:\Users\genny\Desktop\computer_architecture_proj\src\Assembler.java. Using fallback presentation compiler.
2026.02.13 22:35:53 INFO  no build target found for C:\Users\genny\Desktop\computer_architecture_proj\src\Assembler.java. Using fallback presentation compiler.
Feb 13, 2026 10:35:57 PM org.eclipse.lsp4j.jsonrpc.services.GenericEndpoint notify
INFO: Unsupported notification method: $/setTrace
Feb 13, 2026 10:36:01 PM org.eclipse.lsp4j.jsonrpc.services.GenericEndpoint notify
INFO: Unsupported notification method: $/setTrace
2026.02.13 22:36:55 INFO  no build target found for C:\Users\genny\Desktop\computer_architecture_proj\src\Assembler.java. Using fallback presentation compiler.
2026.02.13 22:46:09 INFO  Shutting down server
2026.02.13 22:46:09 INFO  Memory monitor stopped
2026.02.13 22:46:09 INFO  shutting down Metals
2026.02.13 22:46:09 INFO  Exiting server
2026.02.13 22:46:50 INFO  Started: Metals version 1.6.5 in folders 'C:\Users\genny\Desktop\computer_architecture_proj' for client Visual Studio Code 1.109.2.
2026.02.13 22:46:50 INFO  Memory monitor started
2026.02.13 22:46:51 WARN  Using H2 2.4.240 which is newer than the version Flyway has been verified with. The latest verified version of H2 is 2.3.232.
2026.02.13 22:46:51 INFO  no build target found for C:\Users\genny\Desktop\computer_architecture_proj\src\Assembler.java. Using fallback presentation compiler.
2026.02.13 22:46:51 WARN  no build tool detected in workspace 'C:\Users\genny\Desktop\computer_architecture_proj'. The most common cause for this problem is that the editor was opened in the wrong working directory, for example if you use sbt then the workspace directory should contain build.sbt. 
2026.02.13 22:46:51 WARN  Build server is not auto-connectable.
2026.02.13 22:46:51 WARN  no build target for: C:\Users\genny\Desktop\computer_architecture_proj\src\Assembler.java
2026.02.13 22:46:51 INFO  no build target found for C:\Users\genny\Desktop\computer_architecture_proj\src\Assembler.java. Using fallback presentation compiler.
2026.02.13 22:46:55 INFO  time: code lens generation in 3.35s
2026.02.13 22:47:09 INFO  no build target found for C:\Users\genny\Desktop\computer_architecture_proj\src\Assembler.java. Using fallback presentation compiler.
2026.02.13 22:47:37 INFO  no build target found for C:\Users\genny\Desktop\computer_architecture_proj\src\Assembler.java. Using fallback presentation compiler.
2026.02.13 22:47:45 INFO  no build target found for C:\Users\genny\Desktop\computer_architecture_proj\src\Assembler.java. Using fallback presentation compiler.
2026.02.13 22:51:56 INFO  no build target found for C:\Users\genny\Desktop\computer_architecture_proj\src\Assembler.java. Using fallback presentation compiler.
Feb 13, 2026 10:51:57 PM org.eclipse.lsp4j.jsonrpc.RemoteEndpoint handleNotification
WARNING: Notification threw an exception: {
  "jsonrpc": "2.0",
  "method": "metals/didFocusTextDocument",
  "params": [
    "class:/c%3A/Users/genny/Desktop/computer_architecture_proj/src/Assembler.class"
  ]
}
java.nio.file.FileSystemNotFoundException: Provider "class" not installed
	at java.base/java.nio.file.Path.of(Path.java:210)
	at java.base/java.nio.file.Paths.get(Paths.java:95)
	at scala.meta.internal.mtags.MtagsEnrichments$XtensionURIMtags.toAbsolutePath(MtagsEnrichments.scala:149)
	at scala.meta.internal.mtags.MtagsEnrichments$XtensionStringMtags.toAbsolutePath(MtagsEnrichments.scala:209)
	at scala.meta.internal.metals.MetalsEnrichments$XtensionString.toAbsolutePath(MetalsEnrichments.scala:778)
	at scala.meta.internal.metals.MetalsEnrichments$XtensionString.toAbsolutePath(MetalsEnrichments.scala:775)
	at scala.meta.internal.metals.WorkspaceLspService.didFocus(WorkspaceLspService.scala:808)
	at scala.meta.metals.lsp.DelegatingScalaService.didFocus(DelegatingScalaService.scala:42)
	at java.base/jdk.internal.reflect.DirectMethodHandleAccessor.invoke(DirectMethodHandleAccessor.java:104)
	at java.base/java.lang.reflect.Method.invoke(Method.java:565)
	at org.eclipse.lsp4j.jsonrpc.services.GenericEndpoint.lambda$recursiveFindRpcMethods$0(GenericEndpoint.java:65)
	at org.eclipse.lsp4j.jsonrpc.services.GenericEndpoint.notify(GenericEndpoint.java:160)
	at org.eclipse.lsp4j.jsonrpc.RemoteEndpoint.handleNotification(RemoteEndpoint.java:231)
	at org.eclipse.lsp4j.jsonrpc.RemoteEndpoint.consume(RemoteEndpoint.java:198)
	at org.eclipse.lsp4j.jsonrpc.json.StreamMessageProducer.handleMessage(StreamMessageProducer.java:185)
	at org.eclipse.lsp4j.jsonrpc.json.StreamMessageProducer.listen(StreamMessageProducer.java:97)
	at org.eclipse.lsp4j.jsonrpc.json.ConcurrentMessageProcessor.run(ConcurrentMessageProcessor.java:114)
	at java.base/java.util.concurrent.Executors$RunnableAdapter.call(Executors.java:545)
	at java.base/java.util.concurrent.FutureTask.run(FutureTask.java:328)
	at java.base/java.util.concurrent.ThreadPoolExecutor.runWorker(ThreadPoolExecutor.java:1090)
	at java.base/java.util.concurrent.ThreadPoolExecutor$Worker.run(ThreadPoolExecutor.java:614)
	at java.base/java.lang.Thread.run(Thread.java:1474)

2026.02.13 22:52:05 WARN  no build target for: C:\Users\genny\Desktop\computer_architecture_proj\src\Assembler.java
2026.02.13 22:52:05 INFO  no build target found for C:\Users\genny\Desktop\computer_architecture_proj\src\Assembler.java. Using fallback presentation compiler.
2026.02.13 22:52:06 INFO  no build target found for C:\Users\genny\Desktop\computer_architecture_proj\src\Assembler.java. Using fallback presentation compiler.
Feb 13, 2026 10:52:06 PM org.eclipse.lsp4j.jsonrpc.RemoteEndpoint handleCancellation
WARNING: Unmatched cancel notification for request id 20
2026.02.13 22:52:06 INFO  no build target found for C:\Users\genny\Desktop\computer_architecture_proj\src\Assembler.java. Using fallback presentation compiler.
2026.02.13 22:54:38 INFO  no build target found for C:\Users\genny\Desktop\computer_architecture_proj\src\Assembler.java. Using fallback presentation compiler.
2026.02.13 22:54:45 INFO  no build target found for C:\Users\genny\Desktop\computer_architecture_proj\src\Assembler.java. Using fallback presentation compiler.
2026.02.13 22:54:45 INFO  no build target found for C:\Users\genny\Desktop\computer_architecture_proj\src\Assembler.java. Using fallback presentation compiler.
2026.02.13 23:05:40 INFO  no build target found for C:\Users\genny\Desktop\computer_architecture_proj\src\Assembler.java. Using fallback presentation compiler.
